<?xml version="1.0" encoding="UTF-8"?>
<!-- Generated by org.testng.reporters.JUnitReportReporter -->
<testsuite hostname="DESKTOP-19AF430" failures="0" tests="1" name="Test.Linkstest" time="52.880" errors="0" timestamp="2023-10-24T06:22:36 IST" skipped="0">
  <testcase classname="Test.Linkstest" name="Links" time="52.880"/>
  <system-out/>
</testsuite> <!-- Test.Linkstest -->
