<?xml version="1.0" encoding="UTF-8"?>
<!-- Generated by org.testng.reporters.JUnitReportReporter -->
<testsuite hostname="DESKTOP-19AF430" failures="0" tests="1" name="Test.MoreTest" time="44.444" errors="0" timestamp="2023-10-24T06:23:39 IST" skipped="0">
  <testcase classname="Test.MoreTest" name="moremenuopetaions" time="44.444"/>
  <system-out/>
</testsuite> <!-- Test.MoreTest -->
