<?xml version="1.0" encoding="UTF-8"?>
<!-- Generated by org.testng.reporters.JUnitReportReporter -->
<testsuite hostname="DESKTOP-19AF430" failures="0" tests="2" name="Test.CREATENEWEMPLOYEE" time="34.214" errors="0" timestamp="2023-10-24T06:22:36 IST" skipped="0">
  <testcase classname="Test.CREATENEWEMPLOYEE" name="testCreateEmployeewithoutnameandnumber" time="15.445"/>
  <system-out/>
  <testcase classname="Test.CREATENEWEMPLOYEE" name="testCreateEmployeewithallfileds" time="18.769"/>
  <system-out/>
</testsuite> <!-- Test.CREATENEWEMPLOYEE -->
