<?xml version="1.0" encoding="UTF-8"?>
<!-- Generated by org.testng.reporters.JUnitReportReporter -->
<testsuite hostname="DESKTOP-19AF430" failures="0" tests="1" name="Test.POPUPtest" time="28.585" errors="0" timestamp="2023-10-24T06:22:36 IST" skipped="0">
  <testcase classname="Test.POPUPtest" name="popupopetaions" time="28.585"/>
  <system-out/>
</testsuite> <!-- Test.POPUPtest -->
